<?xml version="1.0" encoding="UTF-8"?>
<!-- Generated by org.testng.reporters.JUnitReportReporter -->
<testsuite hostname="chaitanya-PC" name="TestNGpack.Class2" tests="1" failures="0" timestamp="23 Jul 2017 15:11:38 GMT" time="0.027" errors="0">
  <testcase name="tc3" time="0.027" classname="TestNGpack.Class2"/>
</testsuite> <!-- TestNGpack.Class2 -->
