<?xml version="1.0" encoding="UTF-8"?>
<!-- Generated by org.testng.reporters.JUnitReportReporter -->
<testsuite hostname="chaitanya-PC" name="TestNGpack.Class1" tests="2" failures="0" timestamp="21 Aug 2017 04:58:34 GMT" time="51.473" errors="0">
  <testcase name="tc1" time="0.025" classname="TestNGpack.Class1"/>
  <testcase name="tc2" time="51.448" classname="TestNGpack.Class1"/>
</testsuite> <!-- TestNGpack.Class1 -->
